<?xml version="1.0" encoding="UTF-8"?>
<testng-results skipped="0" failed="0" ignored="0" total="1" passed="1">
  <reporter-output>
  </reporter-output>
  <suite name="Default suite" duration-ms="10722" started-at="2019-09-02T18:19:02Z" finished-at="2019-09-02T18:19:12Z">
    <groups>
    </groups>
    <test name="Default test" duration-ms="10722" started-at="2019-09-02T18:19:02Z" finished-at="2019-09-02T18:19:12Z">
      <class name="sample.invokebrower">
        <test-method status="PASS" signature="test1()[pri:0, instance:sample.invokebrower@4af044]" name="test1" duration-ms="10671" started-at="2019-09-02T18:19:02Z" finished-at="2019-09-02T18:19:12Z">
          <reporter-output>
          </reporter-output>
        </test-method> <!-- test1 -->
      </class> <!-- sample.invokebrower -->
    </test> <!-- Default test -->
  </suite> <!-- Default suite -->
</testng-results>
