<?xml version="1.0" encoding="UTF-8"?>
<testng-results skipped="0" failed="0" ignored="0" total="1" passed="1">
  <reporter-output>
  </reporter-output>
  <suite name="Default suite" duration-ms="5484" started-at="2019-09-02T17:50:53Z" finished-at="2019-09-02T17:50:58Z">
    <groups>
    </groups>
    <test name="Default test" duration-ms="5484" started-at="2019-09-02T17:50:53Z" finished-at="2019-09-02T17:50:58Z">
      <class name="sample.invokebrower">
        <test-method status="PASS" signature="test()[pri:0, instance:sample.invokebrower@4af044]" name="test" duration-ms="5464" started-at="2019-09-02T17:50:53Z" finished-at="2019-09-02T17:50:58Z">
          <reporter-output>
          </reporter-output>
        </test-method> <!-- test -->
      </class> <!-- sample.invokebrower -->
    </test> <!-- Default test -->
  </suite> <!-- Default suite -->
</testng-results>
